<?xml version="1.0" encoding="UTF-8"?>
<testsuite name="be.heh.dst.stagemanagement.StagemanagementApplicationTests" tests="1" skipped="0" failures="0" errors="0" timestamp="2024-05-22T11:38:27" hostname="ASUS-LUIS" time="0.787">
  <properties/>
  <testcase name="contextLoads()" classname="be.heh.dst.stagemanagement.StagemanagementApplicationTests" time="0.787"/>
  <system-out><![CDATA[13:38:25.107 [Test worker] INFO org.springframework.test.context.support.AnnotationConfigContextLoaderUtils -- Could not detect default configuration classes for test class [be.heh.dst.stagemanagement.StagemanagementApplicationTests]: StagemanagementApplicationTests does not declare any static, non-private, non-final, nested classes annotated with @Configuration.
13:38:25.225 [Test worker] INFO org.springframework.boot.test.context.SpringBootTestContextBootstrapper -- Found @SpringBootConfiguration be.heh.dst.stagemanagement.StagemanagementApplication for test class be.heh.dst.stagemanagement.StagemanagementApplicationTests

  .   ____          _            __ _ _
 /\\ / ___'_ __ _ _(_)_ __  __ _ \ \ \ \
( ( )\___ | '_ | '_| | '_ \/ _` | \ \ \ \
 \\/  ___)| |_)| | | | | || (_| |  ) ) ) )
  '  |____| .__|_| |_|_| |_\__, | / / / /
 =========|_|==============|___/=/_/_/_/
 :: Spring Boot ::                (v3.2.2)

2024-05-22T13:38:25.621+02:00  INFO 26528 --- [    Test worker] b.h.d.s.StagemanagementApplicationTests  : Starting StagemanagementApplicationTests using Java 17.0.10 with PID 26528 (started by luish in C:\Users\luish\OneDrive\Documents\HEH\TFE 2023-24\WEB stage\Projets\Backend\stagemanagement)
2024-05-22T13:38:25.623+02:00  INFO 26528 --- [    Test worker] b.h.d.s.StagemanagementApplicationTests  : No active profile set, falling back to 1 default profile: "default"
2024-05-22T13:38:26.259+02:00  INFO 26528 --- [    Test worker] .s.d.r.c.RepositoryConfigurationDelegate : Bootstrapping Spring Data JDBC repositories in DEFAULT mode.
2024-05-22T13:38:26.283+02:00  INFO 26528 --- [    Test worker] .s.d.r.c.RepositoryConfigurationDelegate : Finished Spring Data repository scanning in 18 ms. Found 0 JDBC repository interfaces.
2024-05-22T13:38:27.281+02:00  INFO 26528 --- [    Test worker] o.s.s.web.DefaultSecurityFilterChain     : Will secure any request with [org.springframework.security.web.session.DisableEncodeUrlFilter@423f8a73, org.springframework.security.web.context.request.async.WebAsyncManagerIntegrationFilter@1aedf08d, org.springframework.security.web.context.SecurityContextHolderFilter@781dbe44, org.springframework.security.web.header.HeaderWriterFilter@13ef7fa1, org.springframework.web.filter.CorsFilter@113dcaf8, org.springframework.security.web.authentication.logout.LogoutFilter@2b44605c, org.springframework.security.oauth2.server.resource.web.authentication.BearerTokenAuthenticationFilter@664db2ca, org.springframework.security.web.savedrequest.RequestCacheAwareFilter@1132baa3, org.springframework.security.web.servletapi.SecurityContextHolderAwareRequestFilter@2fdf22f7, org.springframework.security.web.authentication.AnonymousAuthenticationFilter@b5d9f1e, org.springframework.security.web.session.SessionManagementFilter@714e861f, org.springframework.security.web.access.ExceptionTranslationFilter@7de147e9, org.springframework.security.web.access.intercept.AuthorizationFilter@4e4395c]
2024-05-22T13:38:27.561+02:00  INFO 26528 --- [    Test worker] com.zaxxer.hikari.HikariDataSource       : HikariPool-1 - Starting...
2024-05-22T13:38:27.719+02:00  INFO 26528 --- [    Test worker] com.zaxxer.hikari.pool.HikariPool        : HikariPool-1 - Added connection org.postgresql.jdbc.PgConnection@1e477944
2024-05-22T13:38:27.721+02:00  INFO 26528 --- [    Test worker] com.zaxxer.hikari.HikariDataSource       : HikariPool-1 - Start completed.
2024-05-22T13:38:27.894+02:00  INFO 26528 --- [    Test worker] b.h.d.s.StagemanagementApplicationTests  : Started StagemanagementApplicationTests in 2.513 seconds (process running for 3.758)
]]></system-out>
  <system-err><![CDATA[]]></system-err>
</testsuite>
